<?xml version="1.0" encoding="UTF-8"?>
<!-- Generated by org.testng.reporters.JUnitReportReporter -->
<testsuite hostname="LAPTOP-8BDQGNTS" failures="0" tests="4" name="api.test.UserTest" time="6.200" errors="0" timestamp="2024-09-25T13:29:25 SGT" skipped="0">
  <testcase classname="api.test.UserTest" name="testpostuser" time="1.276"/>
  <testcase classname="api.test.UserTest" name="testgetuserbyname" time="1.228"/>
  <testcase classname="api.test.UserTest" name="testupdateuserbyname" time="2.457"/>
  <testcase classname="api.test.UserTest" name="testdeleteuserbyname" time="1.239"/>
</testsuite> <!-- api.test.UserTest -->
