<?xml version="1.0" encoding="UTF-8"?>
<!-- Generated by org.testng.reporters.JUnitReportReporter -->
<testsuite hostname="LAPTOP-8BDQGNTS" failures="0" tests="15" name="api.test.DataDrivenTests" time="21.023" errors="0" timestamp="2024-09-25T13:29:25 SGT" skipped="0">
  <testcase classname="api.test.DataDrivenTests" name="testPostUser" time="3.080"/>
  <testcase classname="api.test.DataDrivenTests" name="testPostUser" time="1.261"/>
  <testcase classname="api.test.DataDrivenTests" name="testPostUser" time="1.524"/>
  <testcase classname="api.test.DataDrivenTests" name="testPostUser" time="1.236"/>
  <testcase classname="api.test.DataDrivenTests" name="testPostUser" time="1.206"/>
  <testcase classname="api.test.DataDrivenTests" name="testGetUser" time="1.222"/>
  <testcase classname="api.test.DataDrivenTests" name="testGetUser" time="1.277"/>
  <testcase classname="api.test.DataDrivenTests" name="testGetUser" time="1.256"/>
  <testcase classname="api.test.DataDrivenTests" name="testGetUser" time="1.233"/>
  <testcase classname="api.test.DataDrivenTests" name="testGetUser" time="1.293"/>
  <testcase classname="api.test.DataDrivenTests" name="testDeleteUser" time="1.234"/>
  <testcase classname="api.test.DataDrivenTests" name="testDeleteUser" time="1.233"/>
  <testcase classname="api.test.DataDrivenTests" name="testDeleteUser" time="1.170"/>
  <testcase classname="api.test.DataDrivenTests" name="testDeleteUser" time="1.572"/>
  <testcase classname="api.test.DataDrivenTests" name="testDeleteUser" time="1.226"/>
</testsuite> <!-- api.test.DataDrivenTests -->
