<?xml version="1.0" encoding="UTF-8"?>
<!-- Generated by org.testng.reporters.JUnitReportReporter -->
<testsuite hostname="LAPTOP-8BDQGNTS" failures="0" tests="4" name="api.test.UserTestUsingPropFile" time="9.042" errors="0" timestamp="2024-09-25T15:36:35 SGT" skipped="0">
  <testcase classname="api.test.UserTestUsingPropFile" name="testpostuser" time="3.240"/>
  <testcase classname="api.test.UserTestUsingPropFile" name="testgetuserbyname" time="1.527"/>
  <testcase classname="api.test.UserTestUsingPropFile" name="testupdateuserbyname" time="2.781"/>
  <testcase classname="api.test.UserTestUsingPropFile" name="testdeleteuserbyname" time="1.494"/>
</testsuite> <!-- api.test.UserTestUsingPropFile -->
